<?xml version="1.0" encoding="UTF-8"?>
<testng-results ignored="0" total="1" passed="1" failed="0" skipped="0">
  <reporter-output>
  </reporter-output>
  <suite started-at="2021-06-07T08:41:06Z" name="Default suite" finished-at="2021-06-07T09:23:54Z" duration-ms="2568443">
    <groups>
    </groups>
    <test started-at="2021-06-07T08:41:06Z" name="Default test" finished-at="2021-06-07T09:23:54Z" duration-ms="2568443">
      <class name="Scenario.Multiplefiles">
        <test-method is-config="true" signature="browserSetup()[pri:0, instance:Scenario.Multiplefiles@a4102b8]" started-at="2021-06-07T08:41:04Z" name="browserSetup" finished-at="2021-06-07T08:41:06Z" duration-ms="2174" status="PASS">
          <reporter-output>
          </reporter-output>
        </test-method> <!-- browserSetup -->
        <test-method signature="multiplefilescenario()[pri:0, instance:Scenario.Multiplefiles@a4102b8]" started-at="2021-06-07T08:41:06Z" name="multiplefilescenario" finished-at="2021-06-07T09:23:54Z" duration-ms="2568409" status="PASS">
          <reporter-output>
          </reporter-output>
        </test-method> <!-- multiplefilescenario -->
        <test-method is-config="true" signature="closeBrowser()[pri:0, instance:Scenario.Multiplefiles@a4102b8]" started-at="2021-06-07T09:23:54Z" name="closeBrowser" finished-at="2021-06-07T09:23:54Z" duration-ms="0" status="PASS">
          <reporter-output>
          </reporter-output>
        </test-method> <!-- closeBrowser -->
      </class> <!-- Scenario.Multiplefiles -->
    </test> <!-- Default test -->
  </suite> <!-- Default suite -->
</testng-results>
